Drill report for C:\WorkSpace\KiCad\InuinoV3\InuinoV3.kicad_pcb
Created on 2019/2/24 上午 05:12:35

Copper Layer Stackup:
    =============================================================
    L1 :  F.Cu                      front
    L2 :  B.Cu                      back


Drill file 'InuinoV3-PTH.drl' contains
    plated through holes:
    =============================================================
    T1  0.20mm  0.008"  (9 holes)
    T2  0.40mm  0.016"  (10 holes)
    T3  0.60mm  0.024"  (52 holes)  (with 2 slots)
    T4  0.80mm  0.031"  (13 holes)  (with 3 slots)
    T5  0.85mm  0.033"  (2 holes)
    T6  0.92mm  0.036"  (4 holes)
    T7  1.00mm  0.039"  (58 holes)
    T8  2.33mm  0.092"  (2 holes)
    T9  3.05mm  0.120"  (4 holes)

    Total plated holes count 154


Drill file 'InuinoV3-NPTH.drl' contains
    unplated through holes:
    =============================================================

    Total unplated holes count 0
